[1223/220745.296:ERROR:directory_reader_win.cc(43)] FindFirstFile: The system cannot find the path specified. (0x3)
[1223/223209.671:ERROR:directory_reader_win.cc(43)] FindFirstFile: The system cannot find the path specified. (0x3)
[1223/230540.012:ERROR:process_reader_win.cc(151)] SuspendThread: Access is denied. (0x5)
[1223/230540.013:ERROR:process_reader_win.cc(151)] SuspendThread: Access is denied. (0x5)
[1223/230540.013:ERROR:process_reader_win.cc(151)] SuspendThread: Access is denied. (0x5)
[1223/230540.013:ERROR:process_reader_win.cc(151)] SuspendThread: Access is denied. (0x5)
[1223/230540.013:ERROR:process_reader_win.cc(151)] SuspendThread: Access is denied. (0x5)
[1223/230540.013:ERROR:process_reader_win.cc(151)] SuspendThread: Access is denied. (0x5)
[1223/230540.014:ERROR:process_reader_win.cc(151)] SuspendThread: Access is denied. (0x5)
[1223/230540.014:ERROR:process_reader_win.cc(151)] SuspendThread: Access is denied. (0x5)
[1223/230540.014:ERROR:process_reader_win.cc(151)] SuspendThread: Access is denied. (0x5)
[1223/230540.014:ERROR:process_reader_win.cc(151)] SuspendThread: Access is denied. (0x5)
[1223/230540.014:ERROR:process_reader_win.cc(151)] SuspendThread: Access is denied. (0x5)
[1223/230540.014:ERROR:process_reader_win.cc(151)] SuspendThread: Access is denied. (0x5)
[1223/230540.014:ERROR:process_reader_win.cc(123)] NtOpenThread: {Access Denied} A process has requested access to an object, but has not been granted those access rights. (0xc0000022)
[1223/230540.016:ERROR:exception_snapshot_win.cc(99)] thread ID 13592 not found in process
[1223/230540.015:ERROR:process_reader_win.cc(151)] SuspendThread: Access is denied. (0x5)
[1223/230540.017:ERROR:process_reader_win.cc(151)] SuspendThread: Access is denied. (0x5)
[1223/230540.017:ERROR:process_reader_win.cc(151)] SuspendThread: Access is denied. (0x5)
[1223/230540.017:ERROR:process_reader_win.cc(151)] SuspendThread: Access is denied. (0x5)
[1223/230540.017:ERROR:process_reader_win.cc(151)] SuspendThread: Access is denied. (0x5)
[1223/230540.017:ERROR:process_reader_win.cc(151)] SuspendThread: Access is denied. (0x5)
[1223/230540.017:ERROR:process_reader_win.cc(151)] SuspendThread: Access is denied. (0x5)
[1223/230540.017:ERROR:process_reader_win.cc(151)] SuspendThread: Access is denied. (0x5)
[1223/230540.017:ERROR:process_reader_win.cc(151)] SuspendThread: Access is denied. (0x5)
[1223/230540.017:ERROR:process_reader_win.cc(151)] SuspendThread: Access is denied. (0x5)
[1223/230540.017:ERROR:process_reader_win.cc(123)] NtOpenThread: {Access Denied} A process has requested access to an object, but has not been granted those access rights. (0xc0000022)
[1223/230540.018:ERROR:exception_snapshot_win.cc(99)] thread ID 5652 not found in process
[1223/230540.051:ERROR:process_reader_win.cc(151)] SuspendThread: Access is denied. (0x5)
[1223/230540.051:ERROR:process_reader_win.cc(123)] NtOpenThread: {Access Denied} A process has requested access to an object, but has not been granted those access rights. (0xc0000022)
[1223/230540.051:ERROR:exception_snapshot_win.cc(99)] thread ID 12856 not found in process
[1223/230540.072:ERROR:process_reader_win.cc(151)] SuspendThread: Access is denied. (0x5)
[1223/230540.072:ERROR:process_reader_win.cc(151)] SuspendThread: Access is denied. (0x5)
[1223/230540.072:ERROR:process_reader_win.cc(151)] SuspendThread: Access is denied. (0x5)
[1223/230540.072:ERROR:process_reader_win.cc(151)] SuspendThread: Access is denied. (0x5)
[1223/230540.072:ERROR:process_reader_win.cc(151)] SuspendThread: Access is denied. (0x5)
[1223/230540.072:ERROR:process_reader_win.cc(151)] SuspendThread: Access is denied. (0x5)
[1223/230540.072:ERROR:process_reader_win.cc(151)] SuspendThread: Access is denied. (0x5)
[1223/230540.072:ERROR:process_reader_win.cc(151)] SuspendThread: Access is denied. (0x5)
[1223/230540.072:ERROR:process_reader_win.cc(151)] SuspendThread: Access is denied. (0x5)
[1223/230540.072:ERROR:process_reader_win.cc(123)] NtOpenThread: {Access Denied} A process has requested access to an object, but has not been granted those access rights. (0xc0000022)
[1223/230540.072:ERROR:exception_snapshot_win.cc(99)] thread ID 8084 not found in process
[1223/230540.079:ERROR:process_reader_win.cc(151)] SuspendThread: Access is denied. (0x5)
[1223/230540.079:ERROR:process_reader_win.cc(151)] SuspendThread: Access is denied. (0x5)
[1223/230540.079:ERROR:process_reader_win.cc(151)] SuspendThread: Access is denied. (0x5)
[1223/230540.080:ERROR:process_reader_win.cc(123)] NtOpenThread: {Access Denied} A process has requested access to an object, but has not been granted those access rights. (0xc0000022)
[1223/230540.080:ERROR:exception_snapshot_win.cc(99)] thread ID 8824 not found in process
[1223/233752.442:ERROR:directory_reader_win.cc(43)] FindFirstFile: The system cannot find the path specified. (0x3)
[1223/234748.304:ERROR:directory_reader_win.cc(43)] FindFirstFile: The system cannot find the path specified. (0x3)
[1224/001433.421:ERROR:directory_reader_win.cc(43)] FindFirstFile: The system cannot find the path specified. (0x3)
[1224/003521.296:ERROR:process_reader_win.cc(151)] SuspendThread: Access is denied. (0x5)
[1224/003521.297:ERROR:process_reader_win.cc(123)] NtOpenThread: {Access Denied} A process has requested access to an object, but has not been granted those access rights. (0xc0000022)
[1224/003521.297:ERROR:exception_snapshot_win.cc(99)] thread ID 19620 not found in process
[1224/003521.303:ERROR:process_reader_win.cc(151)] SuspendThread: Access is denied. (0x5)
[1224/003521.304:ERROR:process_reader_win.cc(151)] SuspendThread: Access is denied. (0x5)
[1224/003521.304:ERROR:process_reader_win.cc(123)] NtOpenThread: {Access Denied} A process has requested access to an object, but has not been granted those access rights. (0xc0000022)
[1224/003521.304:ERROR:exception_snapshot_win.cc(99)] thread ID 19700 not found in process
[1224/003521.316:ERROR:process_reader_win.cc(123)] NtOpenThread: {Access Denied} A process has requested access to an object, but has not been granted those access rights. (0xc0000022)
[1224/003521.316:ERROR:exception_snapshot_win.cc(99)] thread ID 19640 not found in process
[1224/004415.776:ERROR:process_reader_win.cc(151)] SuspendThread: Access is denied. (0x5)
[1224/004415.776:ERROR:process_reader_win.cc(151)] SuspendThread: Access is denied. (0x5)
[1224/004415.776:ERROR:process_reader_win.cc(151)] SuspendThread: Access is denied. (0x5)
[1224/004415.776:ERROR:process_reader_win.cc(151)] SuspendThread: Access is denied. (0x5)
[1224/004415.776:ERROR:process_reader_win.cc(151)] SuspendThread: Access is denied. (0x5)
[1224/004415.776:ERROR:process_reader_win.cc(151)] SuspendThread: Access is denied. (0x5)
[1224/004415.776:ERROR:process_reader_win.cc(151)] SuspendThread: Access is denied. (0x5)
[1224/004415.776:ERROR:process_reader_win.cc(151)] SuspendThread: Access is denied. (0x5)
[1224/004415.776:ERROR:process_reader_win.cc(151)] SuspendThread: Access is denied. (0x5)
[1224/004415.776:ERROR:process_reader_win.cc(151)] SuspendThread: Access is denied. (0x5)
[1224/004415.776:ERROR:process_reader_win.cc(151)] SuspendThread: Access is denied. (0x5)
[1224/004415.776:ERROR:process_reader_win.cc(123)] NtOpenThread: {Access Denied} A process has requested access to an object, but has not been granted those access rights. (0xc0000022)
[1224/004415.777:ERROR:exception_snapshot_win.cc(99)] thread ID 20152 not found in process
[1224/004415.777:ERROR:process_reader_win.cc(151)] SuspendThread: Access is denied. (0x5)
[1224/004415.777:ERROR:process_reader_win.cc(151)] SuspendThread: Access is denied. (0x5)
[1224/004415.777:ERROR:process_reader_win.cc(151)] SuspendThread: Access is denied. (0x5)
[1224/004415.777:ERROR:process_reader_win.cc(151)] SuspendThread: Access is denied. (0x5)
[1224/004415.778:ERROR:process_reader_win.cc(151)] SuspendThread: Access is denied. (0x5)
[1224/004415.778:ERROR:process_reader_win.cc(151)] SuspendThread: Access is denied. (0x5)
[1224/004415.778:ERROR:process_reader_win.cc(151)] SuspendThread: Access is denied. (0x5)
[1224/004415.778:ERROR:process_reader_win.cc(151)] SuspendThread: Access is denied. (0x5)
[1224/004415.778:ERROR:process_reader_win.cc(151)] SuspendThread: Access is denied. (0x5)
[1224/004415.778:ERROR:process_reader_win.cc(151)] SuspendThread: Access is denied. (0x5)
[1224/004415.778:ERROR:process_reader_win.cc(151)] SuspendThread: Access is denied. (0x5)
[1224/004415.778:ERROR:process_reader_win.cc(151)] SuspendThread: Access is denied. (0x5)
[1224/004415.778:ERROR:process_reader_win.cc(151)] SuspendThread: Access is denied. (0x5)
[1224/004415.778:ERROR:process_reader_win.cc(151)] SuspendThread: Access is denied. (0x5)
[1224/004415.778:ERROR:process_reader_win.cc(151)] SuspendThread: Access is denied. (0x5)
[1224/004415.778:ERROR:process_reader_win.cc(151)] SuspendThread: Access is denied. (0x5)
[1224/004415.778:ERROR:process_reader_win.cc(151)] SuspendThread: Access is denied. (0x5)
[1224/004415.778:ERROR:process_reader_win.cc(123)] NtOpenThread: {Access Denied} A process has requested access to an object, but has not been granted those access rights. (0xc0000022)
[1224/004415.778:ERROR:exception_snapshot_win.cc(99)] thread ID 13264 not found in process
[1224/004415.849:ERROR:process_reader_win.cc(151)] SuspendThread: Access is denied. (0x5)
[1224/004415.850:ERROR:process_reader_win.cc(151)] SuspendThread: Access is denied. (0x5)
[1224/004415.850:ERROR:process_reader_win.cc(151)] SuspendThread: Access is denied. (0x5)
[1224/004415.850:ERROR:process_reader_win.cc(151)] SuspendThread: Access is denied. (0x5)
[1224/004415.850:ERROR:process_reader_win.cc(123)] NtOpenThread: {Access Denied} A process has requested access to an object, but has not been granted those access rights. (0xc0000022)
[1224/004415.850:ERROR:exception_snapshot_win.cc(99)] thread ID 19764 not found in process
[1224/004415.777:ERROR:process_reader_win.cc(151)] SuspendThread: Access is denied. (0x5)
[1224/004415.851:ERROR:process_reader_win.cc(151)] SuspendThread: Access is denied. (0x5)
[1224/004415.851:ERROR:process_reader_win.cc(151)] SuspendThread: Access is denied. (0x5)
[1224/004415.851:ERROR:process_reader_win.cc(151)] SuspendThread: Access is denied. (0x5)
[1224/004415.851:ERROR:process_reader_win.cc(151)] SuspendThread: Access is denied. (0x5)
[1224/004415.851:ERROR:process_reader_win.cc(151)] SuspendThread: Access is denied. (0x5)
[1224/004415.851:ERROR:process_reader_win.cc(151)] SuspendThread: Access is denied. (0x5)
[1224/004415.851:ERROR:process_reader_win.cc(151)] SuspendThread: Access is denied. (0x5)
[1224/004415.851:ERROR:process_reader_win.cc(151)] SuspendThread: Access is denied. (0x5)
[1224/004415.851:ERROR:process_reader_win.cc(151)] SuspendThread: Access is denied. (0x5)
[1224/004415.851:ERROR:process_reader_win.cc(151)] SuspendThread: Access is denied. (0x5)
[1224/004415.851:ERROR:process_reader_win.cc(123)] NtOpenThread: {Access Denied} A process has requested access to an object, but has not been granted those access rights. (0xc0000022)
[1224/004415.851:ERROR:exception_snapshot_win.cc(99)] thread ID 19692 not found in process
[1224/004415.859:ERROR:process_reader_win.cc(151)] SuspendThread: Access is denied. (0x5)
[1224/004415.859:ERROR:process_reader_win.cc(151)] SuspendThread: Access is denied. (0x5)
[1224/004415.859:ERROR:process_reader_win.cc(151)] SuspendThread: Access is denied. (0x5)
[1224/004415.859:ERROR:process_reader_win.cc(151)] SuspendThread: Access is denied. (0x5)
[1224/004415.859:ERROR:process_reader_win.cc(151)] SuspendThread: Access is denied. (0x5)
[1224/004415.860:ERROR:process_reader_win.cc(151)] SuspendThread: Access is denied. (0x5)
[1224/004415.860:ERROR:process_reader_win.cc(123)] NtOpenThread: {Access Denied} A process has requested access to an object, but has not been granted those access rights. (0xc0000022)
[1224/004415.860:ERROR:exception_snapshot_win.cc(99)] thread ID 5708 not found in process
[1224/004415.868:ERROR:process_reader_win.cc(151)] SuspendThread: Access is denied. (0x5)
[1224/004415.868:ERROR:process_reader_win.cc(151)] SuspendThread: Access is denied. (0x5)
[1224/004415.868:ERROR:process_reader_win.cc(151)] SuspendThread: Access is denied. (0x5)
[1224/004415.868:ERROR:process_reader_win.cc(151)] SuspendThread: Access is denied. (0x5)
[1224/004415.868:ERROR:process_reader_win.cc(123)] NtOpenThread: {Access Denied} A process has requested access to an object, but has not been granted those access rights. (0xc0000022)
[1224/004415.868:ERROR:exception_snapshot_win.cc(99)] thread ID 17412 not found in process
[1224/015935.589:ERROR:directory_reader_win.cc(43)] FindFirstFile: The system cannot find the path specified. (0x3)
[1224/015948.020:ERROR:process_reader_win.cc(151)] SuspendThread: Access is denied. (0x5)
[1224/015948.022:ERROR:process_reader_win.cc(151)] SuspendThread: Access is denied. (0x5)
[1224/015948.022:ERROR:process_reader_win.cc(151)] SuspendThread: Access is denied. (0x5)
[1224/015948.022:ERROR:process_reader_win.cc(151)] SuspendThread: Access is denied. (0x5)
[1224/015948.022:ERROR:process_reader_win.cc(151)] SuspendThread: Access is denied. (0x5)
[1224/015948.022:ERROR:process_reader_win.cc(151)] SuspendThread: Access is denied. (0x5)
[1224/015948.021:ERROR:process_reader_win.cc(151)] SuspendThread: Access is denied. (0x5)
[1224/015948.022:ERROR:process_reader_win.cc(151)] SuspendThread: Access is denied. (0x5)
[1224/015948.022:ERROR:process_reader_win.cc(151)] SuspendThread: Access is denied. (0x5)
[1224/015948.022:ERROR:process_reader_win.cc(151)] SuspendThread: Access is denied. (0x5)
[1224/015948.022:ERROR:process_reader_win.cc(151)] SuspendThread: Access is denied. (0x5)
[1224/015948.022:ERROR:process_reader_win.cc(151)] SuspendThread: Access is denied. (0x5)
[1224/015948.022:ERROR:process_reader_win.cc(151)] SuspendThread: Access is denied. (0x5)
[1224/015948.022:ERROR:process_reader_win.cc(151)] SuspendThread: Access is denied. (0x5)
[1224/015948.022:ERROR:process_reader_win.cc(151)] SuspendThread: Access is denied. (0x5)
[1224/015948.022:ERROR:process_reader_win.cc(151)] SuspendThread: Access is denied. (0x5)
[1224/015948.022:ERROR:process_reader_win.cc(151)] SuspendThread: Access is denied. (0x5)
[1224/015948.022:ERROR:process_reader_win.cc(151)] SuspendThread: Access is denied. (0x5)
[1224/015948.022:ERROR:process_reader_win.cc(151)] SuspendThread: Access is denied. (0x5)
[1224/015948.022:ERROR:process_reader_win.cc(151)] SuspendThread: Access is denied. (0x5)
[1224/015948.022:ERROR:process_reader_win.cc(151)] SuspendThread: Access is denied. (0x5)
[1224/015948.022:ERROR:process_reader_win.cc(151)] SuspendThread: Access is denied. (0x5)
[1224/015948.022:ERROR:process_reader_win.cc(151)] SuspendThread: Access is denied. (0x5)
[1224/015948.023:ERROR:process_reader_win.cc(151)] SuspendThread: Access is denied. (0x5)
[1224/015948.023:ERROR:process_reader_win.cc(151)] SuspendThread: Access is denied. (0x5)
[1224/015948.023:ERROR:process_reader_win.cc(151)] SuspendThread: Access is denied. (0x5)
[1224/015948.023:ERROR:process_reader_win.cc(151)] SuspendThread: Access is denied. (0x5)
[1224/015948.023:ERROR:process_reader_win.cc(151)] SuspendThread: Access is denied. (0x5)
[1224/015948.023:ERROR:process_reader_win.cc(151)] SuspendThread: Access is denied. (0x5)
[1224/015948.023:ERROR:process_reader_win.cc(151)] SuspendThread: Access is denied. (0x5)
[1224/015948.023:ERROR:process_reader_win.cc(151)] SuspendThread: Access is denied. (0x5)
[1224/015948.023:ERROR:process_reader_win.cc(151)] SuspendThread: Access is denied. (0x5)
[1224/015948.023:ERROR:process_reader_win.cc(151)] SuspendThread: Access is denied. (0x5)
[1224/015948.023:ERROR:process_reader_win.cc(151)] SuspendThread: Access is denied. (0x5)
[1224/015948.023:ERROR:process_reader_win.cc(151)] SuspendThread: Access is denied. (0x5)
[1224/015948.023:ERROR:process_reader_win.cc(151)] SuspendThread: Access is denied. (0x5)
[1224/015948.023:ERROR:process_reader_win.cc(151)] SuspendThread: Access is denied. (0x5)
[1224/015948.023:ERROR:process_reader_win.cc(151)] SuspendThread: Access is denied. (0x5)
[1224/015948.023:ERROR:process_reader_win.cc(151)] SuspendThread: Access is denied. (0x5)
[1224/015948.023:ERROR:process_reader_win.cc(151)] SuspendThread: Access is denied. (0x5)
[1224/015948.023:ERROR:process_reader_win.cc(151)] SuspendThread: Access is denied. (0x5)
[1224/015948.024:ERROR:process_reader_win.cc(151)] SuspendThread: Access is denied. (0x5)
[1224/015948.024:ERROR:process_reader_win.cc(151)] SuspendThread: Access is denied. (0x5)
[1224/015948.024:ERROR:process_reader_win.cc(151)] SuspendThread: Access is denied. (0x5)
[1224/015948.024:ERROR:process_reader_win.cc(151)] SuspendThread: Access is denied. (0x5)
[1224/015948.024:ERROR:process_reader_win.cc(151)] SuspendThread: Access is denied. (0x5)
[1224/015948.023:ERROR:process_reader_win.cc(123)] NtOpenThread: {Access Denied} A process has requested access to an object, but has not been granted those access rights. (0xc0000022)
[1224/015948.024:ERROR:process_reader_win.cc(151)] SuspendThread: Access is denied. (0x5)
[1224/015948.024:ERROR:exception_snapshot_win.cc(99)] thread ID 19048 not found in process
[1224/015948.024:ERROR:process_reader_win.cc(151)] SuspendThread: Access is denied. (0x5)
[1224/015948.024:ERROR:process_reader_win.cc(151)] SuspendThread: Access is denied. (0x5)
[1224/015948.024:ERROR:process_reader_win.cc(151)] SuspendThread: Access is denied. (0x5)
[1224/015948.024:ERROR:process_reader_win.cc(151)] SuspendThread: Access is denied. (0x5)
[1224/015948.024:ERROR:process_reader_win.cc(151)] SuspendThread: Access is denied. (0x5)
[1224/015948.024:ERROR:process_reader_win.cc(151)] SuspendThread: Access is denied. (0x5)
[1224/015948.024:ERROR:process_reader_win.cc(151)] SuspendThread: Access is denied. (0x5)
[1224/015948.024:ERROR:process_reader_win.cc(151)] SuspendThread: Access is denied. (0x5)
[1224/015948.024:ERROR:process_reader_win.cc(151)] SuspendThread: Access is denied. (0x5)
[1224/015948.024:ERROR:process_reader_win.cc(151)] SuspendThread: Access is denied. (0x5)
[1224/015948.024:ERROR:process_reader_win.cc(151)] SuspendThread: Access is denied. (0x5)
[1224/015948.024:ERROR:process_reader_win.cc(151)] SuspendThread: Access is denied. (0x5)
[1224/015948.024:ERROR:process_reader_win.cc(151)] SuspendThread: Access is denied. (0x5)
[1224/015948.025:ERROR:process_reader_win.cc(151)] SuspendThread: Access is denied. (0x5)
[1224/015948.025:ERROR:process_reader_win.cc(151)] SuspendThread: Access is denied. (0x5)
[1224/015948.025:ERROR:process_reader_win.cc(151)] SuspendThread: Access is denied. (0x5)
[1224/015948.025:ERROR:process_reader_win.cc(151)] SuspendThread: Access is denied. (0x5)
[1224/015948.025:ERROR:process_reader_win.cc(151)] SuspendThread: Access is denied. (0x5)
[1224/015948.025:ERROR:process_reader_win.cc(151)] SuspendThread: Access is denied. (0x5)
[1224/015948.025:ERROR:process_reader_win.cc(151)] SuspendThread: Access is denied. (0x5)
[1224/015948.025:ERROR:process_reader_win.cc(151)] SuspendThread: Access is denied. (0x5)
[1224/015948.025:ERROR:process_reader_win.cc(151)] SuspendThread: Access is denied. (0x5)
[1224/015948.025:ERROR:process_reader_win.cc(151)] SuspendThread: Access is denied. (0x5)
[1224/015948.025:ERROR:process_reader_win.cc(151)] SuspendThread: Access is denied. (0x5)
[1224/015948.025:ERROR:process_reader_win.cc(123)] NtOpenThread: {Access Denied} A process has requested access to an object, but has not been granted those access rights. (0xc0000022)
[1224/015948.026:ERROR:exception_snapshot_win.cc(99)] thread ID 20260 not found in process
[1224/015948.027:ERROR:process_reader_win.cc(151)] SuspendThread: Access is denied. (0x5)
[1224/015948.027:ERROR:process_reader_win.cc(151)] SuspendThread: Access is denied. (0x5)
[1224/015948.027:ERROR:process_reader_win.cc(151)] SuspendThread: Access is denied. (0x5)
[1224/015948.027:ERROR:process_reader_win.cc(151)] SuspendThread: Access is denied. (0x5)
[1224/015948.027:ERROR:process_reader_win.cc(151)] SuspendThread: Access is denied. (0x5)
[1224/015948.027:ERROR:process_reader_win.cc(151)] SuspendThread: Access is denied. (0x5)
[1224/015948.027:ERROR:process_reader_win.cc(151)] SuspendThread: Access is denied. (0x5)
[1224/015948.027:ERROR:process_reader_win.cc(151)] SuspendThread: Access is denied. (0x5)
[1224/015948.027:ERROR:process_reader_win.cc(151)] SuspendThread: Access is denied. (0x5)
[1224/015948.028:ERROR:process_reader_win.cc(151)] SuspendThread: Access is denied. (0x5)
[1224/015948.028:ERROR:process_reader_win.cc(151)] SuspendThread: Access is denied. (0x5)
[1224/015948.028:ERROR:process_reader_win.cc(151)] SuspendThread: Access is denied. (0x5)
[1224/015948.028:ERROR:process_reader_win.cc(151)] SuspendThread: Access is denied. (0x5)
[1224/015948.028:ERROR:process_reader_win.cc(151)] SuspendThread: Access is denied. (0x5)
[1224/015948.028:ERROR:process_reader_win.cc(151)] SuspendThread: Access is denied. (0x5)
[1224/015948.028:ERROR:process_reader_win.cc(151)] SuspendThread: Access is denied. (0x5)
[1224/015948.028:ERROR:process_reader_win.cc(151)] SuspendThread: Access is denied. (0x5)
[1224/015948.028:ERROR:process_reader_win.cc(151)] SuspendThread: Access is denied. (0x5)
[1224/015948.028:ERROR:process_reader_win.cc(151)] SuspendThread: Access is denied. (0x5)
[1224/015948.028:ERROR:process_reader_win.cc(151)] SuspendThread: Access is denied. (0x5)
[1224/015948.028:ERROR:process_reader_win.cc(151)] SuspendThread: Access is denied. (0x5)
[1224/015948.028:ERROR:process_reader_win.cc(151)] SuspendThread: Access is denied. (0x5)
[1224/015948.028:ERROR:process_reader_win.cc(151)] SuspendThread: Access is denied. (0x5)
[1224/015948.028:ERROR:process_reader_win.cc(151)] SuspendThread: Access is denied. (0x5)
[1224/015948.028:ERROR:process_reader_win.cc(151)] SuspendThread: Access is denied. (0x5)
[1224/015948.028:ERROR:process_reader_win.cc(151)] SuspendThread: Access is denied. (0x5)
[1224/015948.028:ERROR:process_reader_win.cc(151)] SuspendThread: Access is denied. (0x5)
[1224/015948.028:ERROR:process_reader_win.cc(151)] SuspendThread: Access is denied. (0x5)
[1224/015948.028:ERROR:process_reader_win.cc(151)] SuspendThread: Access is denied. (0x5)
[1224/015948.028:ERROR:process_reader_win.cc(123)] NtOpenThread: {Access Denied} A process has requested access to an object, but has not been granted those access rights. (0xc0000022)
[1224/015948.028:ERROR:exception_snapshot_win.cc(99)] thread ID 2992 not found in process
[1224/015948.040:ERROR:process_reader_win.cc(151)] SuspendThread: Access is denied. (0x5)
[1224/015948.040:ERROR:process_reader_win.cc(151)] SuspendThread: Access is denied. (0x5)
[1224/015948.040:ERROR:process_reader_win.cc(151)] SuspendThread: Access is denied. (0x5)
[1224/015948.040:ERROR:process_reader_win.cc(151)] SuspendThread: Access is denied. (0x5)
[1224/015948.040:ERROR:process_reader_win.cc(151)] SuspendThread: Access is denied. (0x5)
[1224/015948.040:ERROR:process_reader_win.cc(151)] SuspendThread: Access is denied. (0x5)
[1224/015948.040:ERROR:process_reader_win.cc(151)] SuspendThread: Access is denied. (0x5)
[1224/015948.040:ERROR:process_reader_win.cc(151)] SuspendThread: Access is denied. (0x5)
[1224/015948.041:ERROR:process_reader_win.cc(151)] SuspendThread: Access is denied. (0x5)
[1224/015948.041:ERROR:process_reader_win.cc(151)] SuspendThread: Access is denied. (0x5)
[1224/015948.041:ERROR:process_reader_win.cc(151)] SuspendThread: Access is denied. (0x5)
[1224/015948.041:ERROR:process_reader_win.cc(151)] SuspendThread: Access is denied. (0x5)
[1224/015948.041:ERROR:process_reader_win.cc(151)] SuspendThread: Access is denied. (0x5)
[1224/015948.041:ERROR:process_reader_win.cc(151)] SuspendThread: Access is denied. (0x5)
[1224/015948.041:ERROR:process_reader_win.cc(151)] SuspendThread: Access is denied. (0x5)
[1224/015948.041:ERROR:process_reader_win.cc(151)] SuspendThread: Access is denied. (0x5)
[1224/015948.041:ERROR:process_reader_win.cc(151)] SuspendThread: Access is denied. (0x5)
[1224/015948.041:ERROR:process_reader_win.cc(151)] SuspendThread: Access is denied. (0x5)
[1224/015948.042:ERROR:process_reader_win.cc(151)] SuspendThread: Access is denied. (0x5)
[1224/015948.042:ERROR:process_reader_win.cc(151)] SuspendThread: Access is denied. (0x5)
[1224/015948.042:ERROR:process_reader_win.cc(151)] SuspendThread: Access is denied. (0x5)
[1224/015948.042:ERROR:process_reader_win.cc(151)] SuspendThread: Access is denied. (0x5)
[1224/015948.042:ERROR:process_reader_win.cc(151)] SuspendThread: Access is denied. (0x5)
[1224/015948.042:ERROR:process_reader_win.cc(151)] SuspendThread: Access is denied. (0x5)
[1224/015948.042:ERROR:process_reader_win.cc(151)] SuspendThread: Access is denied. (0x5)
[1224/015948.042:ERROR:process_reader_win.cc(151)] SuspendThread: Access is denied. (0x5)
[1224/015948.042:ERROR:process_reader_win.cc(151)] SuspendThread: Access is denied. (0x5)
[1224/015948.042:ERROR:process_reader_win.cc(151)] SuspendThread: Access is denied. (0x5)
[1224/015948.042:ERROR:process_reader_win.cc(151)] SuspendThread: Access is denied. (0x5)
[1224/015948.042:ERROR:process_reader_win.cc(123)] NtOpenThread: {Access Denied} A process has requested access to an object, but has not been granted those access rights. (0xc0000022)
[1224/015948.042:ERROR:exception_snapshot_win.cc(99)] thread ID 12856 not found in process
[1224/015948.053:ERROR:process_reader_win.cc(151)] SuspendThread: Access is denied. (0x5)
[1224/015948.054:ERROR:process_reader_win.cc(151)] SuspendThread: Access is denied. (0x5)
[1224/015948.054:ERROR:process_reader_win.cc(151)] SuspendThread: Access is denied. (0x5)
[1224/015948.054:ERROR:process_reader_win.cc(151)] SuspendThread: Access is denied. (0x5)
[1224/015948.054:ERROR:process_reader_win.cc(151)] SuspendThread: Access is denied. (0x5)
[1224/015948.054:ERROR:process_reader_win.cc(151)] SuspendThread: Access is denied. (0x5)
[1224/015948.054:ERROR:process_reader_win.cc(151)] SuspendThread: Access is denied. (0x5)
[1224/015948.054:ERROR:process_reader_win.cc(151)] SuspendThread: Access is denied. (0x5)
[1224/015948.054:ERROR:process_reader_win.cc(151)] SuspendThread: Access is denied. (0x5)
[1224/015948.054:ERROR:process_reader_win.cc(151)] SuspendThread: Access is denied. (0x5)
[1224/015948.054:ERROR:process_reader_win.cc(151)] SuspendThread: Access is denied. (0x5)
[1224/015948.054:ERROR:process_reader_win.cc(151)] SuspendThread: Access is denied. (0x5)
[1224/015948.054:ERROR:process_reader_win.cc(151)] SuspendThread: Access is denied. (0x5)
[1224/015948.054:ERROR:process_reader_win.cc(151)] SuspendThread: Access is denied. (0x5)
[1224/015948.054:ERROR:process_reader_win.cc(151)] SuspendThread: Access is denied. (0x5)
[1224/015948.054:ERROR:process_reader_win.cc(151)] SuspendThread: Access is denied. (0x5)
[1224/015948.054:ERROR:process_reader_win.cc(151)] SuspendThread: Access is denied. (0x5)
[1224/015948.054:ERROR:process_reader_win.cc(151)] SuspendThread: Access is denied. (0x5)
[1224/015948.054:ERROR:process_reader_win.cc(151)] SuspendThread: Access is denied. (0x5)
[1224/015948.054:ERROR:process_reader_win.cc(151)] SuspendThread: Access is denied. (0x5)
[1224/015948.054:ERROR:process_reader_win.cc(151)] SuspendThread: Access is denied. (0x5)
[1224/015948.054:ERROR:process_reader_win.cc(151)] SuspendThread: Access is denied. (0x5)
[1224/015948.054:ERROR:process_reader_win.cc(151)] SuspendThread: Access is denied. (0x5)
[1224/015948.054:ERROR:process_reader_win.cc(151)] SuspendThread: Access is denied. (0x5)
[1224/015948.054:ERROR:process_reader_win.cc(151)] SuspendThread: Access is denied. (0x5)
[1224/015948.054:ERROR:process_reader_win.cc(151)] SuspendThread: Access is denied. (0x5)
[1224/015948.054:ERROR:process_reader_win.cc(151)] SuspendThread: Access is denied. (0x5)
[1224/015948.054:ERROR:process_reader_win.cc(123)] NtOpenThread: {Access Denied} A process has requested access to an object, but has not been granted those access rights. (0xc0000022)
[1224/015948.056:ERROR:exception_snapshot_win.cc(99)] thread ID 20024 not found in process
[1224/015948.059:ERROR:process_reader_win.cc(151)] SuspendThread: Access is denied. (0x5)
[1224/015948.059:ERROR:process_reader_win.cc(151)] SuspendThread: Access is denied. (0x5)
[1224/015948.059:ERROR:process_reader_win.cc(151)] SuspendThread: Access is denied. (0x5)
[1224/015948.059:ERROR:process_reader_win.cc(151)] SuspendThread: Access is denied. (0x5)
[1224/015948.059:ERROR:process_reader_win.cc(151)] SuspendThread: Access is denied. (0x5)
[1224/015948.060:ERROR:process_reader_win.cc(151)] SuspendThread: Access is denied. (0x5)
[1224/015948.060:ERROR:process_reader_win.cc(151)] SuspendThread: Access is denied. (0x5)
[1224/015948.060:ERROR:process_reader_win.cc(151)] SuspendThread: Access is denied. (0x5)
[1224/015948.060:ERROR:process_reader_win.cc(151)] SuspendThread: Access is denied. (0x5)
[1224/015948.060:ERROR:process_reader_win.cc(151)] SuspendThread: Access is denied. (0x5)
[1224/015948.060:ERROR:process_reader_win.cc(151)] SuspendThread: Access is denied. (0x5)
[1224/015948.060:ERROR:process_reader_win.cc(151)] SuspendThread: Access is denied. (0x5)
[1224/015948.060:ERROR:process_reader_win.cc(151)] SuspendThread: Access is denied. (0x5)
[1224/015948.060:ERROR:process_reader_win.cc(151)] SuspendThread: Access is denied. (0x5)
[1224/015948.060:ERROR:process_reader_win.cc(151)] SuspendThread: Access is denied. (0x5)
[1224/015948.060:ERROR:process_reader_win.cc(151)] SuspendThread: Access is denied. (0x5)
[1224/015948.060:ERROR:process_reader_win.cc(151)] SuspendThread: Access is denied. (0x5)
[1224/015948.060:ERROR:process_reader_win.cc(151)] SuspendThread: Access is denied. (0x5)
[1224/015948.060:ERROR:process_reader_win.cc(151)] SuspendThread: Access is denied. (0x5)
[1224/015948.060:ERROR:process_reader_win.cc(151)] SuspendThread: Access is denied. (0x5)
[1224/015948.060:ERROR:process_reader_win.cc(151)] SuspendThread: Access is denied. (0x5)
[1224/015948.060:ERROR:process_reader_win.cc(151)] SuspendThread: Access is denied. (0x5)
[1224/015948.060:ERROR:process_reader_win.cc(151)] SuspendThread: Access is denied. (0x5)
[1224/015948.060:ERROR:process_reader_win.cc(151)] SuspendThread: Access is denied. (0x5)
[1224/015948.060:ERROR:process_reader_win.cc(151)] SuspendThread: Access is denied. (0x5)
[1224/015948.060:ERROR:process_reader_win.cc(151)] SuspendThread: Access is denied. (0x5)
[1224/015948.060:ERROR:process_reader_win.cc(151)] SuspendThread: Access is denied. (0x5)
[1224/015948.091:ERROR:process_reader_win.cc(151)] SuspendThread: Access is denied. (0x5)
[1224/015948.091:ERROR:process_reader_win.cc(151)] SuspendThread: Access is denied. (0x5)
[1224/015948.091:ERROR:process_reader_win.cc(151)] SuspendThread: Access is denied. (0x5)
[1224/015948.091:ERROR:process_reader_win.cc(123)] NtOpenThread: {Access Denied} A process has requested access to an object, but has not been granted those access rights. (0xc0000022)
[1224/015948.091:ERROR:exception_snapshot_win.cc(99)] thread ID 2192 not found in process
[1224/015948.091:ERROR:process_reader_win.cc(151)] SuspendThread: Access is denied. (0x5)
[1224/015948.091:ERROR:process_reader_win.cc(123)] NtOpenThread: {Access Denied} A process has requested access to an object, but has not been granted those access rights. (0xc0000022)
[1224/015948.091:ERROR:exception_snapshot_win.cc(99)] thread ID 18256 not found in process
[1224/015948.094:ERROR:process_reader_win.cc(151)] SuspendThread: Access is denied. (0x5)
[1224/015948.094:ERROR:process_reader_win.cc(123)] NtOpenThread: {Access Denied} A process has requested access to an object, but has not been granted those access rights. (0xc0000022)
[1224/015948.094:ERROR:exception_snapshot_win.cc(99)] thread ID 18156 not found in process
[1224/015948.115:ERROR:process_reader_win.cc(151)] SuspendThread: Access is denied. (0x5)
[1224/015948.115:ERROR:process_reader_win.cc(151)] SuspendThread: Access is denied. (0x5)
[1224/015948.115:ERROR:process_reader_win.cc(123)] NtOpenThread: {Access Denied} A process has requested access to an object, but has not been granted those access rights. (0xc0000022)
[1224/015948.115:ERROR:exception_snapshot_win.cc(99)] thread ID 17264 not found in process
[1224/015948.124:ERROR:process_reader_win.cc(151)] SuspendThread: Access is denied. (0x5)
[1224/015948.124:ERROR:process_reader_win.cc(151)] SuspendThread: Access is denied. (0x5)
[1224/015948.124:ERROR:process_reader_win.cc(123)] NtOpenThread: {Access Denied} A process has requested access to an object, but has not been granted those access rights. (0xc0000022)
[1224/015948.124:ERROR:exception_snapshot_win.cc(99)] thread ID 4480 not found in process
[1224/015948.153:ERROR:process_reader_win.cc(151)] SuspendThread: Access is denied. (0x5)
[1224/015948.153:ERROR:process_reader_win.cc(123)] NtOpenThread: {Access Denied} A process has requested access to an object, but has not been granted those access rights. (0xc0000022)
[1224/015948.153:ERROR:exception_snapshot_win.cc(99)] thread ID 20420 not found in process
[1224/015948.060:ERROR:process_reader_win.cc(123)] NtOpenThread: {Access Denied} A process has requested access to an object, but has not been granted those access rights. (0xc0000022)
[1224/015948.154:ERROR:exception_snapshot_win.cc(99)] thread ID 18064 not found in process
[1224/021655.971:ERROR:directory_reader_win.cc(43)] FindFirstFile: The system cannot find the path specified. (0x3)
[1224/021915.155:ERROR:directory_reader_win.cc(43)] FindFirstFile: The system cannot find the path specified. (0x3)
[1224/021933.669:ERROR:process_reader_win.cc(151)] SuspendThread: Access is denied. (0x5)
[1224/021933.669:ERROR:process_reader_win.cc(151)] SuspendThread: Access is denied. (0x5)
[1224/021933.669:ERROR:process_reader_win.cc(151)] SuspendThread: Access is denied. (0x5)
[1224/021933.669:ERROR:process_reader_win.cc(151)] SuspendThread: Access is denied. (0x5)
[1224/021933.669:ERROR:process_reader_win.cc(151)] SuspendThread: Access is denied. (0x5)
[1224/021933.669:ERROR:process_reader_win.cc(151)] SuspendThread: Access is denied. (0x5)
[1224/021933.669:ERROR:process_reader_win.cc(151)] SuspendThread: Access is denied. (0x5)
[1224/021933.670:ERROR:process_reader_win.cc(151)] SuspendThread: Access is denied. (0x5)
[1224/021933.670:ERROR:process_reader_win.cc(151)] SuspendThread: Access is denied. (0x5)
[1224/021933.670:ERROR:process_reader_win.cc(151)] SuspendThread: Access is denied. (0x5)
[1224/021933.670:ERROR:process_reader_win.cc(151)] SuspendThread: Access is denied. (0x5)
[1224/021933.670:ERROR:process_reader_win.cc(123)] NtOpenThread: {Access Denied} A process has requested access to an object, but has not been granted those access rights. (0xc0000022)
[1224/021933.670:ERROR:exception_snapshot_win.cc(99)] thread ID 10176 not found in process
[1224/021933.671:ERROR:process_reader_win.cc(151)] SuspendThread: Access is denied. (0x5)
[1224/021933.671:ERROR:process_reader_win.cc(151)] SuspendThread: Access is denied. (0x5)
[1224/021933.671:ERROR:process_reader_win.cc(151)] SuspendThread: Access is denied. (0x5)
[1224/021933.671:ERROR:process_reader_win.cc(151)] SuspendThread: Access is denied. (0x5)
[1224/021933.671:ERROR:process_reader_win.cc(151)] SuspendThread: Access is denied. (0x5)
[1224/021933.671:ERROR:process_reader_win.cc(151)] SuspendThread: Access is denied. (0x5)
[1224/021933.671:ERROR:process_reader_win.cc(151)] SuspendThread: Access is denied. (0x5)
[1224/021933.671:ERROR:process_reader_win.cc(151)] SuspendThread: Access is denied. (0x5)
[1224/021933.671:ERROR:process_reader_win.cc(151)] SuspendThread: Access is denied. (0x5)
[1224/021933.671:ERROR:process_reader_win.cc(151)] SuspendThread: Access is denied. (0x5)
[1224/021933.671:ERROR:process_reader_win.cc(123)] NtOpenThread: {Access Denied} A process has requested access to an object, but has not been granted those access rights. (0xc0000022)
[1224/021933.671:ERROR:exception_snapshot_win.cc(99)] thread ID 10524 not found in process
[1224/021933.671:ERROR:process_reader_win.cc(151)] SuspendThread: Access is denied. (0x5)
[1224/021933.671:ERROR:process_reader_win.cc(151)] SuspendThread: Access is denied. (0x5)
[1224/021933.671:ERROR:process_reader_win.cc(123)] NtOpenThread: {Access Denied} A process has requested access to an object, but has not been granted those access rights. (0xc0000022)
[1224/021933.672:ERROR:exception_snapshot_win.cc(99)] thread ID 13280 not found in process
[1224/021933.718:ERROR:process_reader_win.cc(151)] SuspendThread: Access is denied. (0x5)
[1224/021933.718:ERROR:process_reader_win.cc(151)] SuspendThread: Access is denied. (0x5)
[1224/021933.718:ERROR:process_reader_win.cc(151)] SuspendThread: Access is denied. (0x5)
[1224/021933.718:ERROR:process_reader_win.cc(151)] SuspendThread: Access is denied. (0x5)
[1224/021933.718:ERROR:process_reader_win.cc(151)] SuspendThread: Access is denied. (0x5)
[1224/021933.719:ERROR:process_reader_win.cc(151)] SuspendThread: Access is denied. (0x5)
[1224/021933.719:ERROR:process_reader_win.cc(151)] SuspendThread: Access is denied. (0x5)
[1224/021933.719:ERROR:process_reader_win.cc(151)] SuspendThread: Access is denied. (0x5)
[1224/021933.719:ERROR:process_reader_win.cc(151)] SuspendThread: Access is denied. (0x5)
[1224/021933.719:ERROR:process_reader_win.cc(151)] SuspendThread: Access is denied. (0x5)
[1224/021933.719:ERROR:process_reader_win.cc(151)] SuspendThread: Access is denied. (0x5)
[1224/021933.719:ERROR:process_reader_win.cc(151)] SuspendThread: Access is denied. (0x5)
[1224/021933.719:ERROR:process_reader_win.cc(123)] NtOpenThread: {Access Denied} A process has requested access to an object, but has not been granted those access rights. (0xc0000022)
[1224/021933.719:ERROR:process_reader_win.cc(151)] SuspendThread: Access is denied. (0x5)
[1224/021933.719:ERROR:exception_snapshot_win.cc(99)] thread ID 16552 not found in process
[1224/021933.719:ERROR:process_reader_win.cc(151)] SuspendThread: Access is denied. (0x5)
[1224/021933.719:ERROR:process_reader_win.cc(151)] SuspendThread: Access is denied. (0x5)
[1224/021933.719:ERROR:process_reader_win.cc(151)] SuspendThread: Access is denied. (0x5)
[1224/021933.719:ERROR:process_reader_win.cc(151)] SuspendThread: Access is denied. (0x5)
[1224/021933.719:ERROR:process_reader_win.cc(151)] SuspendThread: Access is denied. (0x5)
[1224/021933.719:ERROR:process_reader_win.cc(151)] SuspendThread: Access is denied. (0x5)
[1224/021933.719:ERROR:process_reader_win.cc(151)] SuspendThread: Access is denied. (0x5)
[1224/021933.719:ERROR:process_reader_win.cc(123)] NtOpenThread: {Access Denied} A process has requested access to an object, but has not been granted those access rights. (0xc0000022)
[1224/021933.719:ERROR:exception_snapshot_win.cc(99)] thread ID 7988 not found in process
[1224/021933.750:ERROR:process_reader_win.cc(151)] SuspendThread: Access is denied. (0x5)
[1224/021933.750:ERROR:process_reader_win.cc(151)] SuspendThread: Access is denied. (0x5)
[1224/021933.750:ERROR:process_reader_win.cc(151)] SuspendThread: Access is denied. (0x5)
[1224/021933.750:ERROR:process_reader_win.cc(151)] SuspendThread: Access is denied. (0x5)
[1224/021933.750:ERROR:process_reader_win.cc(123)] NtOpenThread: {Access Denied} A process has requested access to an object, but has not been granted those access rights. (0xc0000022)
[1224/021933.750:ERROR:exception_snapshot_win.cc(99)] thread ID 14512 not found in process
[1224/022900.750:ERROR:process_reader_win.cc(123)] NtOpenThread: {Access Denied} A process has requested access to an object, but has not been granted those access rights. (0xc0000022)
[1224/022900.751:ERROR:exception_snapshot_win.cc(99)] thread ID 13616 not found in process
[1224/022900.771:ERROR:process_reader_win.cc(123)] NtOpenThread: {Access Denied} A process has requested access to an object, but has not been granted those access rights. (0xc0000022)
[1224/022900.771:ERROR:exception_snapshot_win.cc(99)] thread ID 1920 not found in process
[1224/022900.843:ERROR:process_reader_win.cc(151)] SuspendThread: Access is denied. (0x5)
[1224/022900.844:ERROR:process_reader_win.cc(151)] SuspendThread: Access is denied. (0x5)
[1224/022900.844:ERROR:process_reader_win.cc(123)] NtOpenThread: {Access Denied} A process has requested access to an object, but has not been granted those access rights. (0xc0000022)
[1224/022900.844:ERROR:exception_snapshot_win.cc(99)] thread ID 16456 not found in process
[1224/022900.944:ERROR:process_reader_win.cc(151)] SuspendThread: Access is denied. (0x5)
[1224/022900.944:ERROR:process_reader_win.cc(123)] NtOpenThread: {Access Denied} A process has requested access to an object, but has not been granted those access rights. (0xc0000022)
[1224/022900.944:ERROR:exception_snapshot_win.cc(99)] thread ID 10184 not found in process
[1224/022900.995:ERROR:process_reader_win.cc(151)] SuspendThread: Access is denied. (0x5)
[1224/022900.996:ERROR:process_reader_win.cc(151)] SuspendThread: Access is denied. (0x5)
[1224/022900.996:ERROR:process_reader_win.cc(123)] NtOpenThread: {Access Denied} A process has requested access to an object, but has not been granted those access rights. (0xc0000022)
[1224/022900.996:ERROR:exception_snapshot_win.cc(99)] thread ID 17052 not found in process
[1224/022901.062:ERROR:process_reader_win.cc(151)] SuspendThread: Access is denied. (0x5)
[1224/022901.062:ERROR:process_reader_win.cc(151)] SuspendThread: Access is denied. (0x5)
[1224/022901.062:ERROR:process_reader_win.cc(151)] SuspendThread: Access is denied. (0x5)
[1224/022901.063:ERROR:process_reader_win.cc(151)] SuspendThread: Access is denied. (0x5)
[1224/022901.063:ERROR:process_reader_win.cc(151)] SuspendThread: Access is denied. (0x5)
[1224/022901.063:ERROR:process_reader_win.cc(151)] SuspendThread: Access is denied. (0x5)
[1224/022901.063:ERROR:process_reader_win.cc(123)] NtOpenThread: {Access Denied} A process has requested access to an object, but has not been granted those access rights. (0xc0000022)
[1224/022901.063:ERROR:exception_snapshot_win.cc(99)] thread ID 17356 not found in process
[1224/022901.084:ERROR:process_reader_win.cc(151)] SuspendThread: Access is denied. (0x5)
[1224/022901.084:ERROR:process_reader_win.cc(123)] NtOpenThread: {Access Denied} A process has requested access to an object, but has not been granted those access rights. (0xc0000022)
[1224/022901.085:ERROR:exception_snapshot_win.cc(99)] thread ID 2784 not found in process
[1224/022901.147:ERROR:process_reader_win.cc(151)] SuspendThread: Access is denied. (0x5)
[1224/022901.147:ERROR:process_reader_win.cc(151)] SuspendThread: Access is denied. (0x5)
[1224/022901.147:ERROR:process_reader_win.cc(151)] SuspendThread: Access is denied. (0x5)
[1224/022901.147:ERROR:process_reader_win.cc(151)] SuspendThread: Access is denied. (0x5)
[1224/022901.147:ERROR:process_reader_win.cc(151)] SuspendThread: Access is denied. (0x5)
[1224/022901.147:ERROR:process_reader_win.cc(123)] NtOpenThread: {Access Denied} A process has requested access to an object, but has not been granted those access rights. (0xc0000022)
[1224/022901.147:ERROR:exception_snapshot_win.cc(99)] thread ID 15332 not found in process
[1224/153556.264:ERROR:process_reader_win.cc(151)] SuspendThread: Access is denied. (0x5)
[1224/153556.280:ERROR:process_reader_win.cc(151)] SuspendThread: Access is denied. (0x5)
[1224/153556.280:ERROR:process_reader_win.cc(151)] SuspendThread: Access is denied. (0x5)
[1224/153556.280:ERROR:process_reader_win.cc(151)] SuspendThread: Access is denied. (0x5)
[1224/153556.280:ERROR:process_reader_win.cc(151)] SuspendThread: Access is denied. (0x5)
[1224/153556.280:ERROR:process_reader_win.cc(151)] SuspendThread: Access is denied. (0x5)
[1224/153556.280:ERROR:process_reader_win.cc(151)] SuspendThread: Access is denied. (0x5)
[1224/153556.280:ERROR:process_reader_win.cc(151)] SuspendThread: Access is denied. (0x5)
[1224/153556.280:ERROR:process_reader_win.cc(151)] SuspendThread: Access is denied. (0x5)
[1224/153556.280:ERROR:process_reader_win.cc(151)] SuspendThread: Access is denied. (0x5)
[1224/153556.281:ERROR:process_reader_win.cc(151)] SuspendThread: Access is denied. (0x5)
[1224/153556.281:ERROR:process_reader_win.cc(151)] SuspendThread: Access is denied. (0x5)
[1224/153556.281:ERROR:process_reader_win.cc(123)] NtOpenThread: {Access Denied} A process has requested access to an object, but has not been granted those access rights. (0xc0000022)
[1224/153556.282:ERROR:exception_snapshot_win.cc(99)] thread ID 14128 not found in process
[1224/153556.273:ERROR:process_reader_win.cc(151)] SuspendThread: Access is denied. (0x5)
[1224/153556.282:ERROR:process_reader_win.cc(151)] SuspendThread: Access is denied. (0x5)
[1224/153556.282:ERROR:process_reader_win.cc(151)] SuspendThread: Access is denied. (0x5)
[1224/153556.282:ERROR:process_reader_win.cc(151)] SuspendThread: Access is denied. (0x5)
[1224/153556.282:ERROR:process_reader_win.cc(151)] SuspendThread: Access is denied. (0x5)
[1224/153556.282:ERROR:process_reader_win.cc(151)] SuspendThread: Access is denied. (0x5)
[1224/153556.269:ERROR:process_reader_win.cc(151)] SuspendThread: Access is denied. (0x5)
[1224/153556.282:ERROR:process_reader_win.cc(151)] SuspendThread: Access is denied. (0x5)
[1224/153556.282:ERROR:process_reader_win.cc(151)] SuspendThread: Access is denied. (0x5)
[1224/153556.282:ERROR:process_reader_win.cc(151)] SuspendThread: Access is denied. (0x5)
[1224/153556.282:ERROR:process_reader_win.cc(151)] SuspendThread: Access is denied. (0x5)
[1224/153556.283:ERROR:process_reader_win.cc(151)] SuspendThread: Access is denied. (0x5)
[1224/153556.283:ERROR:process_reader_win.cc(151)] SuspendThread: Access is denied. (0x5)
[1224/153556.283:ERROR:process_reader_win.cc(151)] SuspendThread: Access is denied. (0x5)
[1224/153556.283:ERROR:process_reader_win.cc(151)] SuspendThread: Access is denied. (0x5)
[1224/153556.283:ERROR:process_reader_win.cc(151)] SuspendThread: Access is denied. (0x5)
[1224/153556.283:ERROR:process_reader_win.cc(151)] SuspendThread: Access is denied. (0x5)
[1224/153556.283:ERROR:process_reader_win.cc(151)] SuspendThread: Access is denied. (0x5)
[1224/153556.283:ERROR:process_reader_win.cc(151)] SuspendThread: Access is denied. (0x5)
[1224/153556.283:ERROR:process_reader_win.cc(151)] SuspendThread: Access is denied. (0x5)
[1224/153556.283:ERROR:process_reader_win.cc(151)] SuspendThread: Access is denied. (0x5)
[1224/153556.283:ERROR:process_reader_win.cc(151)] SuspendThread: Access is denied. (0x5)
[1224/153556.283:ERROR:process_reader_win.cc(151)] SuspendThread: Access is denied. (0x5)
[1224/153556.283:ERROR:process_reader_win.cc(151)] SuspendThread: Access is denied. (0x5)
[1224/153556.283:ERROR:process_reader_win.cc(151)] SuspendThread: Access is denied. (0x5)
[1224/153556.283:ERROR:process_reader_win.cc(151)] SuspendThread: Access is denied. (0x5)
[1224/153556.283:ERROR:process_reader_win.cc(151)] SuspendThread: Access is denied. (0x5)
[1224/153556.283:ERROR:process_reader_win.cc(151)] SuspendThread: Access is denied. (0x5)
[1224/153556.283:ERROR:process_reader_win.cc(151)] SuspendThread: Access is denied. (0x5)
[1224/153556.283:ERROR:process_reader_win.cc(151)] SuspendThread: Access is denied. (0x5)
[1224/153556.283:ERROR:process_reader_win.cc(151)] SuspendThread: Access is denied. (0x5)
[1224/153556.283:ERROR:process_reader_win.cc(151)] SuspendThread: Access is denied. (0x5)
[1224/153556.283:ERROR:process_reader_win.cc(151)] SuspendThread: Access is denied. (0x5)
[1224/153556.283:ERROR:process_reader_win.cc(151)] SuspendThread: Access is denied. (0x5)
[1224/153556.283:ERROR:process_reader_win.cc(151)] SuspendThread: Access is denied. (0x5)
[1224/153556.283:ERROR:process_reader_win.cc(151)] SuspendThread: Access is denied. (0x5)
[1224/153556.283:ERROR:process_reader_win.cc(151)] SuspendThread: Access is denied. (0x5)
[1224/153556.283:ERROR:process_reader_win.cc(151)] SuspendThread: Access is denied. (0x5)
[1224/153556.283:ERROR:process_reader_win.cc(151)] SuspendThread: Access is denied. (0x5)
[1224/153556.283:ERROR:process_reader_win.cc(151)] SuspendThread: Access is denied. (0x5)
[1224/153556.283:ERROR:process_reader_win.cc(151)] SuspendThread: Access is denied. (0x5)
[1224/153556.283:ERROR:process_reader_win.cc(151)] SuspendThread: Access is denied. (0x5)
[1224/153556.283:ERROR:process_reader_win.cc(151)] SuspendThread: Access is denied. (0x5)
[1224/153556.283:ERROR:process_reader_win.cc(151)] SuspendThread: Access is denied. (0x5)
[1224/153556.283:ERROR:process_reader_win.cc(151)] SuspendThread: Access is denied. (0x5)
[1224/153556.283:ERROR:process_reader_win.cc(151)] SuspendThread: Access is denied. (0x5)
[1224/153556.283:ERROR:process_reader_win.cc(151)] SuspendThread: Access is denied. (0x5)
[1224/153556.283:ERROR:process_reader_win.cc(151)] SuspendThread: Access is denied. (0x5)
[1224/153556.283:ERROR:process_reader_win.cc(151)] SuspendThread: Access is denied. (0x5)
[1224/153556.283:ERROR:process_reader_win.cc(151)] SuspendThread: Access is denied. (0x5)
[1224/153556.283:ERROR:process_reader_win.cc(151)] SuspendThread: Access is denied. (0x5)
[1224/153556.283:ERROR:process_reader_win.cc(151)] SuspendThread: Access is denied. (0x5)
[1224/153556.283:ERROR:process_reader_win.cc(151)] SuspendThread: Access is denied. (0x5)
[1224/153556.283:ERROR:process_reader_win.cc(151)] SuspendThread: Access is denied. (0x5)
[1224/153556.284:ERROR:process_reader_win.cc(151)] SuspendThread: Access is denied. (0x5)
[1224/153556.284:ERROR:process_reader_win.cc(151)] SuspendThread: Access is denied. (0x5)
[1224/153556.284:ERROR:process_reader_win.cc(151)] SuspendThread: Access is denied. (0x5)
[1224/153556.284:ERROR:process_reader_win.cc(151)] SuspendThread: Access is denied. (0x5)
[1224/153556.284:ERROR:process_reader_win.cc(151)] SuspendThread: Access is denied. (0x5)
[1224/153556.284:ERROR:process_reader_win.cc(151)] SuspendThread: Access is denied. (0x5)
[1224/153556.284:ERROR:process_reader_win.cc(151)] SuspendThread: Access is denied. (0x5)
[1224/153556.284:ERROR:process_reader_win.cc(151)] SuspendThread: Access is denied. (0x5)
[1224/153556.284:ERROR:process_reader_win.cc(151)] SuspendThread: Access is denied. (0x5)
[1224/153556.284:ERROR:process_reader_win.cc(151)] SuspendThread: Access is denied. (0x5)
[1224/153556.284:ERROR:process_reader_win.cc(151)] SuspendThread: Access is denied. (0x5)
[1224/153556.284:ERROR:process_reader_win.cc(123)] NtOpenThread: {Access Denied} A process has requested access to an object, but has not been granted those access rights. (0xc0000022)
[1224/153556.284:ERROR:exception_snapshot_win.cc(99)] thread ID 4772 not found in process
[1224/153556.301:ERROR:process_reader_win.cc(151)] SuspendThread: Access is denied. (0x5)
[1224/153556.301:ERROR:process_reader_win.cc(151)] SuspendThread: Access is denied. (0x5)
[1224/153556.301:ERROR:process_reader_win.cc(151)] SuspendThread: Access is denied. (0x5)
[1224/153556.301:ERROR:process_reader_win.cc(151)] SuspendThread: Access is denied. (0x5)
[1224/153556.301:ERROR:process_reader_win.cc(151)] SuspendThread: Access is denied. (0x5)
[1224/153556.301:ERROR:process_reader_win.cc(151)] SuspendThread: Access is denied. (0x5)
[1224/153556.301:ERROR:process_reader_win.cc(151)] SuspendThread: Access is denied. (0x5)
[1224/153556.301:ERROR:process_reader_win.cc(151)] SuspendThread: Access is denied. (0x5)
[1224/153556.301:ERROR:process_reader_win.cc(151)] SuspendThread: Access is denied. (0x5)
[1224/153556.301:ERROR:process_reader_win.cc(151)] SuspendThread: Access is denied. (0x5)
[1224/153556.301:ERROR:process_reader_win.cc(151)] SuspendThread: Access is denied. (0x5)
[1224/153556.301:ERROR:process_reader_win.cc(151)] SuspendThread: Access is denied. (0x5)
[1224/153556.301:ERROR:process_reader_win.cc(151)] SuspendThread: Access is denied. (0x5)
[1224/153556.301:ERROR:process_reader_win.cc(151)] SuspendThread: Access is denied. (0x5)
[1224/153556.301:ERROR:process_reader_win.cc(151)] SuspendThread: Access is denied. (0x5)
[1224/153556.301:ERROR:process_reader_win.cc(151)] SuspendThread: Access is denied. (0x5)
[1224/153556.301:ERROR:process_reader_win.cc(151)] SuspendThread: Access is denied. (0x5)
[1224/153556.301:ERROR:process_reader_win.cc(151)] SuspendThread: Access is denied. (0x5)
[1224/153556.301:ERROR:process_reader_win.cc(151)] SuspendThread: Access is denied. (0x5)
[1224/153556.301:ERROR:process_reader_win.cc(151)] SuspendThread: Access is denied. (0x5)
[1224/153556.301:ERROR:process_reader_win.cc(151)] SuspendThread: Access is denied. (0x5)
[1224/153556.301:ERROR:process_reader_win.cc(151)] SuspendThread: Access is denied. (0x5)
[1224/153556.302:ERROR:process_reader_win.cc(151)] SuspendThread: Access is denied. (0x5)
[1224/153556.302:ERROR:process_reader_win.cc(151)] SuspendThread: Access is denied. (0x5)
[1224/153556.302:ERROR:process_reader_win.cc(151)] SuspendThread: Access is denied. (0x5)
[1224/153556.302:ERROR:process_reader_win.cc(151)] SuspendThread: Access is denied. (0x5)
[1224/153556.302:ERROR:process_reader_win.cc(151)] SuspendThread: Access is denied. (0x5)
[1224/153556.302:ERROR:process_reader_win.cc(151)] SuspendThread: Access is denied. (0x5)
[1224/153556.302:ERROR:process_reader_win.cc(151)] SuspendThread: Access is denied. (0x5)
[1224/153556.302:ERROR:process_reader_win.cc(151)] SuspendThread: Access is denied. (0x5)
[1224/153556.302:ERROR:process_reader_win.cc(123)] NtOpenThread: {Access Denied} A process has requested access to an object, but has not been granted those access rights. (0xc0000022)
[1224/153556.302:ERROR:exception_snapshot_win.cc(99)] thread ID 5956 not found in process
[1224/153556.283:ERROR:process_reader_win.cc(151)] SuspendThread: Access is denied. (0x5)
[1224/153556.327:ERROR:process_reader_win.cc(151)] SuspendThread: Access is denied. (0x5)
[1224/153556.327:ERROR:process_reader_win.cc(151)] SuspendThread: Access is denied. (0x5)
[1224/153556.327:ERROR:process_reader_win.cc(123)] NtOpenThread: {Access Denied} A process has requested access to an object, but has not been granted those access rights. (0xc0000022)
[1224/153556.328:ERROR:exception_snapshot_win.cc(99)] thread ID 14368 not found in process
[1224/153556.328:ERROR:process_reader_win.cc(151)] SuspendThread: Access is denied. (0x5)
[1224/153556.329:ERROR:process_reader_win.cc(151)] SuspendThread: Access is denied. (0x5)
[1224/153556.329:ERROR:process_reader_win.cc(123)] NtOpenThread: {Access Denied} A process has requested access to an object, but has not been granted those access rights. (0xc0000022)
[1224/153556.329:ERROR:exception_snapshot_win.cc(99)] thread ID 2240 not found in process
[1224/153556.335:ERROR:process_reader_win.cc(151)] SuspendThread: Access is denied. (0x5)
[1224/153556.335:ERROR:process_reader_win.cc(151)] SuspendThread: Access is denied. (0x5)
[1224/153556.335:ERROR:process_reader_win.cc(123)] NtOpenThread: {Access Denied} A process has requested access to an object, but has not been granted those access rights. (0xc0000022)
[1224/153556.335:ERROR:exception_snapshot_win.cc(99)] thread ID 1572 not found in process
[1224/154947.251:ERROR:directory_reader_win.cc(43)] FindFirstFile: The system cannot find the path specified. (0x3)
[1224/155324.226:ERROR:directory_reader_win.cc(43)] FindFirstFile: The system cannot find the path specified. (0x3)
[1224/164343.907:ERROR:directory_reader_win.cc(43)] FindFirstFile: The system cannot find the path specified. (0x3)
[1224/164418.690:ERROR:directory_reader_win.cc(43)] FindFirstFile: The system cannot find the path specified. (0x3)
[1224/165536.836:ERROR:process_reader_win.cc(151)] SuspendThread: Access is denied. (0x5)
[1224/165536.836:ERROR:process_reader_win.cc(123)] NtOpenThread: {Access Denied} A process has requested access to an object, but has not been granted those access rights. (0xc0000022)
[1224/165536.836:ERROR:exception_snapshot_win.cc(99)] thread ID 6512 not found in process
[1224/165536.855:ERROR:process_reader_win.cc(151)] SuspendThread: Access is denied. (0x5)
[1224/165536.855:ERROR:process_reader_win.cc(123)] NtOpenThread: {Access Denied} A process has requested access to an object, but has not been granted those access rights. (0xc0000022)
[1224/165536.856:ERROR:exception_snapshot_win.cc(99)] thread ID 5216 not found in process
[1224/165536.856:ERROR:process_reader_win.cc(151)] SuspendThread: Access is denied. (0x5)
[1224/165536.856:ERROR:process_reader_win.cc(151)] SuspendThread: Access is denied. (0x5)
[1224/165536.856:ERROR:process_reader_win.cc(151)] SuspendThread: Access is denied. (0x5)
[1224/165536.856:ERROR:process_reader_win.cc(151)] SuspendThread: Access is denied. (0x5)
[1224/165536.856:ERROR:process_reader_win.cc(151)] SuspendThread: Access is denied. (0x5)
[1224/165536.856:ERROR:process_reader_win.cc(151)] SuspendThread: Access is denied. (0x5)
[1224/165536.856:ERROR:process_reader_win.cc(151)] SuspendThread: Access is denied. (0x5)
[1224/165536.856:ERROR:process_reader_win.cc(151)] SuspendThread: Access is denied. (0x5)
[1224/165536.856:ERROR:process_reader_win.cc(151)] SuspendThread: Access is denied. (0x5)
[1224/165536.856:ERROR:process_reader_win.cc(151)] SuspendThread: Access is denied. (0x5)
[1224/165536.856:ERROR:process_reader_win.cc(123)] NtOpenThread: {Access Denied} A process has requested access to an object, but has not been granted those access rights. (0xc0000022)
[1224/165536.856:ERROR:exception_snapshot_win.cc(99)] thread ID 696 not found in process
[1224/165536.865:ERROR:process_reader_win.cc(151)] SuspendThread: Access is denied. (0x5)
[1224/165536.865:ERROR:process_reader_win.cc(151)] SuspendThread: Access is denied. (0x5)
[1224/165536.865:ERROR:process_reader_win.cc(151)] SuspendThread: Access is denied. (0x5)
[1224/165536.865:ERROR:process_reader_win.cc(151)] SuspendThread: Access is denied. (0x5)
[1224/165536.865:ERROR:process_reader_win.cc(123)] NtOpenThread: {Access Denied} A process has requested access to an object, but has not been granted those access rights. (0xc0000022)
[1224/165536.865:ERROR:exception_snapshot_win.cc(99)] thread ID 12792 not found in process
[1224/172211.995:ERROR:directory_reader_win.cc(43)] FindFirstFile: The system cannot find the path specified. (0x3)
[1224/173029.986:ERROR:directory_reader_win.cc(43)] FindFirstFile: The system cannot find the path specified. (0x3)
[1224/185338.585:ERROR:directory_reader_win.cc(43)] FindFirstFile: The system cannot find the path specified. (0x3)
[1224/185504.886:ERROR:directory_reader_win.cc(43)] FindFirstFile: The system cannot find the path specified. (0x3)
[1224/185541.310:ERROR:directory_reader_win.cc(43)] FindFirstFile: The system cannot find the path specified. (0x3)
[1224/202131.620:ERROR:process_reader_win.cc(151)] SuspendThread: Access is denied. (0x5)
[1224/202131.621:ERROR:process_reader_win.cc(151)] SuspendThread: Access is denied. (0x5)
[1224/202131.621:ERROR:process_reader_win.cc(123)] NtOpenThread: {Access Denied} A process has requested access to an object, but has not been granted those access rights. (0xc0000022)
[1224/202131.621:ERROR:exception_snapshot_win.cc(99)] thread ID 5328 not found in process
[1224/202131.649:ERROR:process_reader_win.cc(123)] NtOpenThread: {Access Denied} A process has requested access to an object, but has not been granted those access rights. (0xc0000022)
[1224/202131.649:ERROR:exception_snapshot_win.cc(99)] thread ID 17092 not found in process
[1224/202406.867:ERROR:process_reader_win.cc(151)] SuspendThread: Access is denied. (0x5)
[1224/202406.869:ERROR:process_reader_win.cc(151)] SuspendThread: Access is denied. (0x5)
[1224/202406.869:ERROR:process_reader_win.cc(151)] SuspendThread: Access is denied. (0x5)
[1224/202406.869:ERROR:process_reader_win.cc(123)] NtOpenThread: {Access Denied} A process has requested access to an object, but has not been granted those access rights. (0xc0000022)
[1224/202406.869:ERROR:exception_snapshot_win.cc(99)] thread ID 12400 not found in process
[1224/202406.867:ERROR:process_reader_win.cc(151)] SuspendThread: Access is denied. (0x5)
[1224/202406.886:ERROR:process_reader_win.cc(151)] SuspendThread: Access is denied. (0x5)
[1224/202406.886:ERROR:process_reader_win.cc(151)] SuspendThread: Access is denied. (0x5)
[1224/202406.886:ERROR:process_reader_win.cc(151)] SuspendThread: Access is denied. (0x5)
[1224/202406.886:ERROR:process_reader_win.cc(151)] SuspendThread: Access is denied. (0x5)
[1224/202406.886:ERROR:process_reader_win.cc(151)] SuspendThread: Access is denied. (0x5)
[1224/202406.886:ERROR:process_reader_win.cc(151)] SuspendThread: Access is denied. (0x5)
[1224/202406.886:ERROR:process_reader_win.cc(151)] SuspendThread: Access is denied. (0x5)
[1224/202406.886:ERROR:process_reader_win.cc(151)] SuspendThread: Access is denied. (0x5)
[1224/202406.886:ERROR:process_reader_win.cc(151)] SuspendThread: Access is denied. (0x5)
[1224/202406.886:ERROR:process_reader_win.cc(151)] SuspendThread: Access is denied. (0x5)
[1224/202406.886:ERROR:process_reader_win.cc(151)] SuspendThread: Access is denied. (0x5)
[1224/202406.886:ERROR:process_reader_win.cc(151)] SuspendThread: Access is denied. (0x5)
[1224/202406.886:ERROR:process_reader_win.cc(123)] NtOpenThread: {Access Denied} A process has requested access to an object, but has not been granted those access rights. (0xc0000022)
[1224/202406.887:ERROR:exception_snapshot_win.cc(99)] thread ID 5116 not found in process
[1224/202406.896:ERROR:process_reader_win.cc(151)] SuspendThread: Access is denied. (0x5)
[1224/202406.897:ERROR:process_reader_win.cc(151)] SuspendThread: Access is denied. (0x5)
[1224/202406.897:ERROR:process_reader_win.cc(151)] SuspendThread: Access is denied. (0x5)
[1224/202406.897:ERROR:process_reader_win.cc(151)] SuspendThread: Access is denied. (0x5)
[1224/202406.897:ERROR:process_reader_win.cc(151)] SuspendThread: Access is denied. (0x5)
[1224/202406.897:ERROR:process_reader_win.cc(123)] NtOpenThread: {Access Denied} A process has requested access to an object, but has not been granted those access rights. (0xc0000022)
[1224/202406.897:ERROR:exception_snapshot_win.cc(99)] thread ID 6036 not found in process
[1224/202406.904:ERROR:process_reader_win.cc(151)] SuspendThread: Access is denied. (0x5)
[1224/202406.904:ERROR:process_reader_win.cc(151)] SuspendThread: Access is denied. (0x5)
[1224/202406.904:ERROR:process_reader_win.cc(151)] SuspendThread: Access is denied. (0x5)
[1224/202406.904:ERROR:process_reader_win.cc(151)] SuspendThread: Access is denied. (0x5)
[1224/202406.904:ERROR:process_reader_win.cc(151)] SuspendThread: Access is denied. (0x5)
[1224/202406.904:ERROR:process_reader_win.cc(151)] SuspendThread: Access is denied. (0x5)
[1224/202406.905:ERROR:process_reader_win.cc(123)] NtOpenThread: {Access Denied} A process has requested access to an object, but has not been granted those access rights. (0xc0000022)
[1224/202406.905:ERROR:exception_snapshot_win.cc(99)] thread ID 11508 not found in process
[1224/205101.931:ERROR:directory_reader_win.cc(43)] FindFirstFile: The system cannot find the path specified. (0x3)
[1224/205354.338:ERROR:directory_reader_win.cc(43)] FindFirstFile: The system cannot find the path specified. (0x3)
[1227/194931.632:ERROR:process_reader_win.cc(123)] NtOpenThread: {Access Denied} A process has requested access to an object, but has not been granted those access rights. (0xc0000022)
[1227/194931.643:ERROR:exception_snapshot_win.cc(99)] thread ID 8928 not found in process
[1227/194931.648:ERROR:process_reader_win.cc(123)] NtOpenThread: {Access Denied} A process has requested access to an object, but has not been granted those access rights. (0xc0000022)
[1227/194931.648:ERROR:exception_snapshot_win.cc(99)] thread ID 1384 not found in process
[1227/195911.225:ERROR:process_reader_win.cc(123)] NtOpenThread: {Access Denied} A process has requested access to an object, but has not been granted those access rights. (0xc0000022)
[1227/195911.226:ERROR:exception_snapshot_win.cc(99)] thread ID 15684 not found in process
[1227/195911.251:ERROR:process_reader_win.cc(123)] NtOpenThread: {Access Denied} A process has requested access to an object, but has not been granted those access rights. (0xc0000022)
[1227/195911.251:ERROR:exception_snapshot_win.cc(99)] thread ID 1740 not found in process
[1227/200705.562:ERROR:process_reader_win.cc(151)] SuspendThread: Access is denied. (0x5)
[1227/200705.563:ERROR:process_reader_win.cc(123)] NtOpenThread: {Access Denied} A process has requested access to an object, but has not been granted those access rights. (0xc0000022)
[1227/200705.563:ERROR:exception_snapshot_win.cc(99)] thread ID 15724 not found in process
[1227/200705.575:ERROR:process_reader_win.cc(151)] SuspendThread: Access is denied. (0x5)
[1227/200705.575:ERROR:process_reader_win.cc(123)] NtOpenThread: {Access Denied} A process has requested access to an object, but has not been granted those access rights. (0xc0000022)
[1227/200705.575:ERROR:exception_snapshot_win.cc(99)] thread ID 15684 not found in process
[1227/201128.936:ERROR:process_reader_win.cc(151)] SuspendThread: Access is denied. (0x5)
[1227/201128.937:ERROR:process_reader_win.cc(151)] SuspendThread: Access is denied. (0x5)
[1227/201128.937:ERROR:process_reader_win.cc(123)] NtOpenThread: {Access Denied} A process has requested access to an object, but has not been granted those access rights. (0xc0000022)
[1227/201128.937:ERROR:exception_snapshot_win.cc(99)] thread ID 9512 not found in process
[1227/201128.936:ERROR:process_reader_win.cc(151)] SuspendThread: Access is denied. (0x5)
[1227/201128.950:ERROR:process_reader_win.cc(151)] SuspendThread: Access is denied. (0x5)
[1227/201128.950:ERROR:process_reader_win.cc(123)] NtOpenThread: {Access Denied} A process has requested access to an object, but has not been granted those access rights. (0xc0000022)
[1227/201128.951:ERROR:exception_snapshot_win.cc(99)] thread ID 15744 not found in process
[1227/201128.974:ERROR:process_reader_win.cc(151)] SuspendThread: Access is denied. (0x5)
[1227/201128.974:ERROR:process_reader_win.cc(151)] SuspendThread: Access is denied. (0x5)
[1227/201128.974:ERROR:process_reader_win.cc(151)] SuspendThread: Access is denied. (0x5)
[1227/201128.974:ERROR:process_reader_win.cc(151)] SuspendThread: Access is denied. (0x5)
[1227/201128.974:ERROR:process_reader_win.cc(151)] SuspendThread: Access is denied. (0x5)
[1227/201128.974:ERROR:process_reader_win.cc(151)] SuspendThread: Access is denied. (0x5)
[1227/201128.974:ERROR:process_reader_win.cc(123)] NtOpenThread: {Access Denied} A process has requested access to an object, but has not been granted those access rights. (0xc0000022)
[1227/201128.974:ERROR:exception_snapshot_win.cc(99)] thread ID 13524 not found in process
[1227/201128.980:ERROR:process_reader_win.cc(151)] SuspendThread: Access is denied. (0x5)
[1227/201128.980:ERROR:process_reader_win.cc(151)] SuspendThread: Access is denied. (0x5)
[1227/201128.980:ERROR:process_reader_win.cc(151)] SuspendThread: Access is denied. (0x5)
[1227/201128.980:ERROR:process_reader_win.cc(151)] SuspendThread: Access is denied. (0x5)
[1227/201128.980:ERROR:process_reader_win.cc(151)] SuspendThread: Access is denied. (0x5)
[1227/201128.980:ERROR:process_reader_win.cc(151)] SuspendThread: Access is denied. (0x5)
[1227/201128.980:ERROR:process_reader_win.cc(123)] NtOpenThread: {Access Denied} A process has requested access to an object, but has not been granted those access rights. (0xc0000022)
[1227/201128.980:ERROR:exception_snapshot_win.cc(99)] thread ID 5092 not found in process
[1227/203729.592:ERROR:directory_reader_win.cc(43)] FindFirstFile: The system cannot find the path specified. (0x3)
[1227/204934.755:ERROR:process_reader_win.cc(151)] SuspendThread: Access is denied. (0x5)
[1227/204934.756:ERROR:process_reader_win.cc(151)] SuspendThread: Access is denied. (0x5)
[1227/204934.756:ERROR:process_reader_win.cc(151)] SuspendThread: Access is denied. (0x5)
[1227/204934.756:ERROR:process_reader_win.cc(151)] SuspendThread: Access is denied. (0x5)
[1227/204934.756:ERROR:process_reader_win.cc(151)] SuspendThread: Access is denied. (0x5)
[1227/204934.756:ERROR:process_reader_win.cc(151)] SuspendThread: Access is denied. (0x5)
[1227/204934.756:ERROR:process_reader_win.cc(151)] SuspendThread: Access is denied. (0x5)
[1227/204934.756:ERROR:process_reader_win.cc(151)] SuspendThread: Access is denied. (0x5)
[1227/204934.756:ERROR:process_reader_win.cc(151)] SuspendThread: Access is denied. (0x5)
[1227/204934.756:ERROR:process_reader_win.cc(151)] SuspendThread: Access is denied. (0x5)
[1227/204934.756:ERROR:process_reader_win.cc(151)] SuspendThread: Access is denied. (0x5)
[1227/204934.756:ERROR:process_reader_win.cc(151)] SuspendThread: Access is denied. (0x5)
[1227/204934.756:ERROR:process_reader_win.cc(151)] SuspendThread: Access is denied. (0x5)
[1227/204934.756:ERROR:process_reader_win.cc(151)] SuspendThread: Access is denied. (0x5)
[1227/204934.756:ERROR:process_reader_win.cc(151)] SuspendThread: Access is denied. (0x5)
[1227/204934.756:ERROR:process_reader_win.cc(151)] SuspendThread: Access is denied. (0x5)
[1227/204934.756:ERROR:process_reader_win.cc(151)] SuspendThread: Access is denied. (0x5)
[1227/204934.756:ERROR:process_reader_win.cc(151)] SuspendThread: Access is denied. (0x5)
[1227/204934.756:ERROR:process_reader_win.cc(151)] SuspendThread: Access is denied. (0x5)
[1227/204934.756:ERROR:process_reader_win.cc(151)] SuspendThread: Access is denied. (0x5)
[1227/204934.756:ERROR:process_reader_win.cc(151)] SuspendThread: Access is denied. (0x5)
[1227/204934.757:ERROR:process_reader_win.cc(151)] SuspendThread: Access is denied. (0x5)
[1227/204934.757:ERROR:process_reader_win.cc(151)] SuspendThread: Access is denied. (0x5)
[1227/204934.757:ERROR:process_reader_win.cc(151)] SuspendThread: Access is denied. (0x5)
[1227/204934.757:ERROR:process_reader_win.cc(151)] SuspendThread: Access is denied. (0x5)
[1227/204934.757:ERROR:process_reader_win.cc(151)] SuspendThread: Access is denied. (0x5)
[1227/204934.757:ERROR:process_reader_win.cc(151)] SuspendThread: Access is denied. (0x5)
[1227/204934.757:ERROR:process_reader_win.cc(151)] SuspendThread: Access is denied. (0x5)
[1227/204934.757:ERROR:process_reader_win.cc(151)] SuspendThread: Access is denied. (0x5)
[1227/204934.757:ERROR:process_reader_win.cc(151)] SuspendThread: Access is denied. (0x5)
[1227/204934.757:ERROR:process_reader_win.cc(151)] SuspendThread: Access is denied. (0x5)
[1227/204934.757:ERROR:process_reader_win.cc(123)] NtOpenThread: {Access Denied} A process has requested access to an object, but has not been granted those access rights. (0xc0000022)
[1227/204934.757:ERROR:exception_snapshot_win.cc(99)] thread ID 14648 not found in process
[1227/204934.756:ERROR:process_reader_win.cc(151)] SuspendThread: Access is denied. (0x5)
[1227/204934.757:ERROR:process_reader_win.cc(151)] SuspendThread: Access is denied. (0x5)
[1227/204934.757:ERROR:process_reader_win.cc(151)] SuspendThread: Access is denied. (0x5)
[1227/204934.757:ERROR:process_reader_win.cc(151)] SuspendThread: Access is denied. (0x5)
[1227/204934.757:ERROR:process_reader_win.cc(151)] SuspendThread: Access is denied. (0x5)
[1227/204934.757:ERROR:process_reader_win.cc(151)] SuspendThread: Access is denied. (0x5)
[1227/204934.757:ERROR:process_reader_win.cc(151)] SuspendThread: Access is denied. (0x5)
[1227/204934.757:ERROR:process_reader_win.cc(151)] SuspendThread: Access is denied. (0x5)
[1227/204934.757:ERROR:process_reader_win.cc(151)] SuspendThread: Access is denied. (0x5)
[1227/204934.757:ERROR:process_reader_win.cc(151)] SuspendThread: Access is denied. (0x5)
[1227/204934.757:ERROR:process_reader_win.cc(151)] SuspendThread: Access is denied. (0x5)
[1227/204934.758:ERROR:process_reader_win.cc(151)] SuspendThread: Access is denied. (0x5)
[1227/204934.758:ERROR:process_reader_win.cc(151)] SuspendThread: Access is denied. (0x5)
[1227/204934.758:ERROR:process_reader_win.cc(151)] SuspendThread: Access is denied. (0x5)
[1227/204934.758:ERROR:process_reader_win.cc(151)] SuspendThread: Access is denied. (0x5)
[1227/204934.758:ERROR:process_reader_win.cc(151)] SuspendThread: Access is denied. (0x5)
[1227/204934.758:ERROR:process_reader_win.cc(151)] SuspendThread: Access is denied. (0x5)
[1227/204934.758:ERROR:process_reader_win.cc(151)] SuspendThread: Access is denied. (0x5)
[1227/204934.758:ERROR:process_reader_win.cc(151)] SuspendThread: Access is denied. (0x5)
[1227/204934.758:ERROR:process_reader_win.cc(151)] SuspendThread: Access is denied. (0x5)
[1227/204934.758:ERROR:process_reader_win.cc(151)] SuspendThread: Access is denied. (0x5)
[1227/204934.758:ERROR:process_reader_win.cc(151)] SuspendThread: Access is denied. (0x5)
[1227/204934.758:ERROR:process_reader_win.cc(151)] SuspendThread: Access is denied. (0x5)
[1227/204934.758:ERROR:process_reader_win.cc(151)] SuspendThread: Access is denied. (0x5)
[1227/204934.758:ERROR:process_reader_win.cc(151)] SuspendThread: Access is denied. (0x5)
[1227/204934.758:ERROR:process_reader_win.cc(151)] SuspendThread: Access is denied. (0x5)
[1227/204934.758:ERROR:process_reader_win.cc(123)] NtOpenThread: {Access Denied} A process has requested access to an object, but has not been granted those access rights. (0xc0000022)
[1227/204934.758:ERROR:exception_snapshot_win.cc(99)] thread ID 6904 not found in process
[1227/204934.794:ERROR:process_reader_win.cc(151)] SuspendThread: Access is denied. (0x5)
[1227/204934.795:ERROR:process_reader_win.cc(151)] SuspendThread: Access is denied. (0x5)
[1227/204934.795:ERROR:process_reader_win.cc(151)] SuspendThread: Access is denied. (0x5)
[1227/204934.795:ERROR:process_reader_win.cc(151)] SuspendThread: Access is denied. (0x5)
[1227/204934.795:ERROR:process_reader_win.cc(123)] NtOpenThread: {Access Denied} A process has requested access to an object, but has not been granted those access rights. (0xc0000022)
[1227/204934.795:ERROR:exception_snapshot_win.cc(99)] thread ID 14192 not found in process
[1227/204934.796:ERROR:process_reader_win.cc(151)] SuspendThread: Access is denied. (0x5)
[1227/204934.796:ERROR:process_reader_win.cc(151)] SuspendThread: Access is denied. (0x5)
[1227/204934.796:ERROR:process_reader_win.cc(123)] NtOpenThread: {Access Denied} A process has requested access to an object, but has not been granted those access rights. (0xc0000022)
[1227/204934.796:ERROR:exception_snapshot_win.cc(99)] thread ID 12584 not found in process
[1227/204934.806:ERROR:process_reader_win.cc(151)] SuspendThread: Access is denied. (0x5)
[1227/204934.807:ERROR:process_reader_win.cc(151)] SuspendThread: Access is denied. (0x5)
[1227/204934.807:ERROR:process_reader_win.cc(123)] NtOpenThread: {Access Denied} A process has requested access to an object, but has not been granted those access rights. (0xc0000022)
[1227/204934.807:ERROR:exception_snapshot_win.cc(99)] thread ID 14972 not found in process
[1227/204934.823:ERROR:process_reader_win.cc(123)] NtOpenThread: {Access Denied} A process has requested access to an object, but has not been granted those access rights. (0xc0000022)
[1227/204934.823:ERROR:exception_snapshot_win.cc(99)] thread ID 15316 not found in process
[1227/205938.775:ERROR:directory_reader_win.cc(43)] FindFirstFile: The system cannot find the path specified. (0x3)
[1228/004122.257:ERROR:process_reader_win.cc(123)] NtOpenThread: {Access Denied} A process has requested access to an object, but has not been granted those access rights. (0xc0000022)
[1228/004122.258:ERROR:exception_snapshot_win.cc(99)] thread ID 3172 not found in process
[1228/004122.272:ERROR:process_reader_win.cc(123)] NtOpenThread: {Access Denied} A process has requested access to an object, but has not been granted those access rights. (0xc0000022)
[1228/004122.273:ERROR:exception_snapshot_win.cc(99)] thread ID 7596 not found in process
[1228/012812.644:ERROR:process_reader_win.cc(151)] SuspendThread: Access is denied. (0x5)
[1228/012812.647:ERROR:process_reader_win.cc(151)] SuspendThread: Access is denied. (0x5)
[1228/012812.647:ERROR:process_reader_win.cc(123)] NtOpenThread: {Access Denied} A process has requested access to an object, but has not been granted those access rights. (0xc0000022)
[1228/012812.647:ERROR:exception_snapshot_win.cc(99)] thread ID 10216 not found in process
[1228/012812.711:ERROR:process_reader_win.cc(151)] SuspendThread: Access is denied. (0x5)
[1228/012812.711:ERROR:process_reader_win.cc(151)] SuspendThread: Access is denied. (0x5)
[1228/012812.711:ERROR:process_reader_win.cc(151)] SuspendThread: Access is denied. (0x5)
[1228/012812.711:ERROR:process_reader_win.cc(151)] SuspendThread: Access is denied. (0x5)
[1228/012812.711:ERROR:process_reader_win.cc(151)] SuspendThread: Access is denied. (0x5)
[1228/012812.711:ERROR:process_reader_win.cc(151)] SuspendThread: Access is denied. (0x5)
[1228/012812.711:ERROR:process_reader_win.cc(123)] NtOpenThread: {Access Denied} A process has requested access to an object, but has not been granted those access rights. (0xc0000022)
[1228/012812.711:ERROR:exception_snapshot_win.cc(99)] thread ID 15528 not found in process
